<html>
<head>
<title>TestNG:  Default test</title>
<link href="../testng.css" rel="stylesheet" type="text/css" />
<link href="../my-testng.css" rel="stylesheet" type="text/css" />

<style type="text/css">
.log { display: none;} 
.stack-trace { display: none;} 
</style>
<script type="text/javascript">
<!--
function flip(e) {
  current = e.style.display;
  if (current == 'block') {
    e.style.display = 'none';
    return 0;
  }
  else {
    e.style.display = 'block';
    return 1;
  }
}

function toggleBox(szDivId, elem, msg1, msg2)
{
  var res = -1;  if (document.getElementById) {
    res = flip(document.getElementById(szDivId));
  }
  else if (document.all) {
    // this is the way old msie versions work
    res = flip(document.all[szDivId]);
  }
  if(elem) {
    if(res == 0) elem.innerHTML = msg1; else elem.innerHTML = msg2;
  }

}

function toggleAllBoxes() {
  if (document.getElementsByTagName) {
    d = document.getElementsByTagName('div');
    for (i = 0; i < d.length; i++) {
      if (d[i].className == 'log') {
        flip(d[i]);
      }
    }
  }
}

// -->
</script>

</head>
<body>
<h2 align='center'>Default test</h2><table border='1' align="center">
<tr>
<td>Tests passed/Failed/Skipped:</td><td>0/1/0</td>
</tr><tr>
<td>Started on:</td><td>Fri Feb 19 12:19:25 EST 2016</td>
</tr>
<tr><td>Total time:</td><td>0 seconds (340 ms)</td>
</tr><tr>
<td>Included groups:</td><td></td>
</tr><tr>
<td>Excluded groups:</td><td></td>
</tr>
</table><p/>
<small><i>(Hover the method name to see the test class name)</i></small><p/>
<table width='100%' border='1' class='invocation-failed'>
<tr><td colspan='4' align='center'><b>FAILED TESTS</b></td></tr>
<tr><td><b>Test method</b></td>
<td width="30%"><b>Exception</b></td>
<td width="10%"><b>Time (seconds)</b></td>
<td><b>Instance</b></td>
</tr>
<tr>
<td title='RegressionTest.TC_001_gmailLogin.logintogmail()'><b>logintogmail</b><br>Test class: RegressionTest.TC_001_gmailLogin<br>Test method:  login page </td>
<td><div><pre>org.openqa.selenium.InvalidSelectorException: The given selector  is either invalid or does not result in a WebElement. The following error occurred:
InvalidSelectorError: Unable to locate an element with the xpath expression  because of the following error:
SyntaxError: The expression is not a legal expression.
Command duration or timeout: 11 milliseconds
For documentation on this error, please visit: http://seleniumhq.org/exceptions/invalid_selector_exception.html
Build info: version: &apos;2.47.1&apos;, revision: &apos;unknown&apos;, time: &apos;2015-07-30 11:02:44&apos;
System info: host: &apos;Rahaths-MacBook-Pro.local&apos;, ip: &apos;10.10.30.18&apos;, os.name: &apos;Mac OS X&apos;, os.arch: &apos;x86_64&apos;, os.version: &apos;10.9.4&apos;, java.version: &apos;1.8.0_31&apos;
Driver info: org.openqa.selenium.firefox.FirefoxDriver
Capabilities [{applicationCacheEnabled=true, rotatable=false, handlesAlerts=true, databaseEnabled=true, version=40.0.3, platform=MAC, nativeEvents=false, acceptSslCerts=true, webStorageEnabled=true, locationContextEnabled=true, browserName=firefox, takesScreenshot=true, javascriptEnabled=true, cssSelectorsEnabled=true}]
Session ID: fd4a2fb6-5b09-6847-91e1-5242ed545cce
*** Element info: {Using=xpath, value=}
	at sun.reflect.NativeConstructorAccessorImpl.newInstance0(Native Method)
	at sun.reflect.NativeConstructorAccessorImpl.newInstance(NativeConstructorAccessorImpl.java:62)
	at sun.reflect.DelegatingConstructorAccessorImpl.newInstance(DelegatingConstructorAccessorImpl.java:45)
	at java.lang.reflect.Constructor.newInstance(Constructor.java:408)
	at org.openqa.selenium.remote.ErrorHandler.createThrowable(ErrorHandler.java:206)
	at org.openqa.selenium.remote.ErrorHandler.throwIfResponseFailed(ErrorHandler.java:158)
	at org.openqa.selenium.remote.RemoteWebDriver.execute(RemoteWebDriver.java:595)
	at org.openqa.selenium.remote.RemoteWebDriver.findElement(RemoteWebDriver.java:348)
	at org.openqa.selenium.remote.RemoteWebDriver.findElementByXPath(RemoteWebDriver.java:445)
	at org.openqa.selenium.By$ByXPath.findElement(By.java:358)
	at org.openqa.selenium.remote.RemoteWebDriver.findElement(RemoteWebDriver.java:340)
	at com.gmail.utilities.abstractPage.getElement(abstractPage.java:48)
	at com.gmail.utilities.basePage.clickOnButton(basePage.java:42)
	at gmailLoginAccount.logInPage.clickOnLogin(logInPage.java:30)
	at RegressionTest.TC_001_gmailLogin.logintogmail(TC_001_gmailLogin.java:21)
	at sun.reflect.NativeMethodAccessorImpl.invoke0(Native Method)
	at sun.reflect.NativeMethodAccessorImpl.invoke(NativeMethodAccessorImpl.java:62)
	at sun.reflect.DelegatingMethodAccessorImpl.invoke(DelegatingMethodAccessorImpl.java:43)
	at java.lang.reflect.Method.invoke(Method.java:483)
	at org.testng.internal.MethodInvocationHelper.invokeMethod(MethodInvocationHelper.java:85)
	at org.testng.internal.Invoker.invokeMethod(Invoker.java:639)
	at org.testng.internal.Invoker.invokeTestMethod(Invoker.java:821)
	at org.testng.internal.Invoker.invokeTestMethods(Invoker.java:1131)
	at org.testng.internal.TestMethodWorker.invokeTestMethods(TestMethodWorker.java:124)
	at org.testng.internal.TestMethodWorker.run(TestMethodWorker.java:108)
	at org.testng.TestRunner.privateRun(TestRunner.java:773)
	at org.testng.TestRunner.run(TestRunner.java:623)
	at org.testng.SuiteRunner.runTest(SuiteRunner.java:357)
	at org.testng.SuiteRunner.runSequentially(SuiteRunner.java:352)
	at org.testng.SuiteRunner.privateRun(SuiteRunner.java:310)
	at org.testng.SuiteRunner.run(SuiteRunner.java:259)
	at org.testng.SuiteRunnerWorker.runSuite(SuiteRunnerWorker.java:52)
	at org.testng.SuiteRunnerWorker.run(SuiteRunnerWorker.java:86)
	at org.testng.TestNG.runSuitesSequentially(TestNG.java:1185)
	at org.testng.TestNG.runSuitesLocally(TestNG.java:1110)
	at org.testng.TestNG.run(TestNG.java:1018)
	at org.testng.remote.RemoteTestNG.run(RemoteTestNG.java:111)
	at org.testng.remote.RemoteTestNG.initAndRun(RemoteTestNG.java:204)
	at org.testng.remote.RemoteTestNG.main(RemoteTestNG.java:175)
Caused by: org.openqa.selenium.InvalidSelectorException: The given selector  is either invalid or does not result in a WebElement. The following error occurred:
InvalidSelectorError: Unable to locate an element with the xpath expression  because of the following error:
SyntaxError: The expression is not a legal expression.
For documentation on this error, please visit: http://seleniumhq.org/exceptions/invalid_selector_exception.html
Build info: version: &apos;2.47.1&apos;, revision: &apos;unknown&apos;, time: &apos;2015-07-30 11:02:44&apos;
System info: host: &apos;Rahaths-MacBook-Pro.local&apos;, ip: &apos;10.10.30.18&apos;, os.name: &apos;Mac OS X&apos;, os.arch: &apos;x86_64&apos;, os.version: &apos;10.9.4&apos;, java.version: &apos;1.8.0_31&apos;
Driver info: driver.version: unknown
	at &lt;anonymous class&gt;.FirefoxDriver.annotateInvalidSelectorError_(file:///var/folders/7m/f9k0dyvj6n348bdprwsktjk00000gn/T/anonymous6639091638435143926webdriver-profile/extensions/fxdriver@googlecode.com/components/driver-component.js:10641)
	at &lt;anonymous class&gt;.FirefoxDriver.prototype.findElementInternal_(file:///var/folders/7m/f9k0dyvj6n348bdprwsktjk00000gn/T/anonymous6639091638435143926webdriver-profile/extensions/fxdriver@googlecode.com/components/driver-component.js:10672)
	at &lt;anonymous class&gt;.FirefoxDriver.prototype.findElement(file:///var/folders/7m/f9k0dyvj6n348bdprwsktjk00000gn/T/anonymous6639091638435143926webdriver-profile/extensions/fxdriver@googlecode.com/components/driver-component.js:10676)
	at &lt;anonymous class&gt;.DelayedCommand.prototype.executeInternal_/h(file:///var/folders/7m/f9k0dyvj6n348bdprwsktjk00000gn/T/anonymous6639091638435143926webdriver-profile/extensions/fxdriver@googlecode.com/components/command-processor.js:12643)
	at &lt;anonymous class&gt;.DelayedCommand.prototype.executeInternal_(file:///var/folders/7m/f9k0dyvj6n348bdprwsktjk00000gn/T/anonymous6639091638435143926webdriver-profile/extensions/fxdriver@googlecode.com/components/command-processor.js:12648)
	at &lt;anonymous class&gt;.DelayedCommand.prototype.execute/&lt;(file:///var/folders/7m/f9k0dyvj6n348bdprwsktjk00000gn/T/anonymous6639091638435143926webdriver-profile/extensions/fxdriver@googlecode.com/components/command-processor.js:12590)
</pre></div><a href='#' onClick='toggleBox("stack-trace1179792105", this, "Click to show all stack frames", "Click to hide stack frames")'>Click to show all stack frames</a>
<div class='stack-trace' id='stack-trace1179792105'><pre>org.openqa.selenium.InvalidSelectorException: The given selector  is either invalid or does not result in a WebElement. The following error occurred:
InvalidSelectorError: Unable to locate an element with the xpath expression  because of the following error:
SyntaxError: The expression is not a legal expression.
Command duration or timeout: 11 milliseconds
For documentation on this error, please visit: http://seleniumhq.org/exceptions/invalid_selector_exception.html
Build info: version: &apos;2.47.1&apos;, revision: &apos;unknown&apos;, time: &apos;2015-07-30 11:02:44&apos;
System info: host: &apos;Rahaths-MacBook-Pro.local&apos;, ip: &apos;10.10.30.18&apos;, os.name: &apos;Mac OS X&apos;, os.arch: &apos;x86_64&apos;, os.version: &apos;10.9.4&apos;, java.version: &apos;1.8.0_31&apos;
Driver info: org.openqa.selenium.firefox.FirefoxDriver
Capabilities [{applicationCacheEnabled=true, rotatable=false, handlesAlerts=true, databaseEnabled=true, version=40.0.3, platform=MAC, nativeEvents=false, acceptSslCerts=true, webStorageEnabled=true, locationContextEnabled=true, browserName=firefox, takesScreenshot=true, javascriptEnabled=true, cssSelectorsEnabled=true}]
Session ID: fd4a2fb6-5b09-6847-91e1-5242ed545cce
*** Element info: {Using=xpath, value=}
	at sun.reflect.NativeConstructorAccessorImpl.newInstance0(Native Method)
	at sun.reflect.NativeConstructorAccessorImpl.newInstance(NativeConstructorAccessorImpl.java:62)
	at sun.reflect.DelegatingConstructorAccessorImpl.newInstance(DelegatingConstructorAccessorImpl.java:45)
	at java.lang.reflect.Constructor.newInstance(Constructor.java:408)
	at org.openqa.selenium.remote.ErrorHandler.createThrowable(ErrorHandler.java:206)
	at org.openqa.selenium.remote.ErrorHandler.throwIfResponseFailed(ErrorHandler.java:158)
	at org.openqa.selenium.remote.RemoteWebDriver.execute(RemoteWebDriver.java:595)
	at org.openqa.selenium.remote.RemoteWebDriver.findElement(RemoteWebDriver.java:348)
	at org.openqa.selenium.remote.RemoteWebDriver.findElementByXPath(RemoteWebDriver.java:445)
	at org.openqa.selenium.By$ByXPath.findElement(By.java:358)
	at org.openqa.selenium.remote.RemoteWebDriver.findElement(RemoteWebDriver.java:340)
	at com.gmail.utilities.abstractPage.getElement(abstractPage.java:48)
	at com.gmail.utilities.basePage.clickOnButton(basePage.java:42)
	at gmailLoginAccount.logInPage.clickOnLogin(logInPage.java:30)
	at RegressionTest.TC_001_gmailLogin.logintogmail(TC_001_gmailLogin.java:21)
	at sun.reflect.NativeMethodAccessorImpl.invoke0(Native Method)
	at sun.reflect.NativeMethodAccessorImpl.invoke(NativeMethodAccessorImpl.java:62)
	at sun.reflect.DelegatingMethodAccessorImpl.invoke(DelegatingMethodAccessorImpl.java:43)
	at java.lang.reflect.Method.invoke(Method.java:483)
	at org.testng.internal.MethodInvocationHelper.invokeMethod(MethodInvocationHelper.java:85)
	at org.testng.internal.Invoker.invokeMethod(Invoker.java:639)
	at org.testng.internal.Invoker.invokeTestMethod(Invoker.java:821)
	at org.testng.internal.Invoker.invokeTestMethods(Invoker.java:1131)
	at org.testng.internal.TestMethodWorker.invokeTestMethods(TestMethodWorker.java:124)
	at org.testng.internal.TestMethodWorker.run(TestMethodWorker.java:108)
	at org.testng.TestRunner.privateRun(TestRunner.java:773)
	at org.testng.TestRunner.run(TestRunner.java:623)
	at org.testng.SuiteRunner.runTest(SuiteRunner.java:357)
	at org.testng.SuiteRunner.runSequentially(SuiteRunner.java:352)
	at org.testng.SuiteRunner.privateRun(SuiteRunner.java:310)
	at org.testng.SuiteRunner.run(SuiteRunner.java:259)
	at org.testng.SuiteRunnerWorker.runSuite(SuiteRunnerWorker.java:52)
	at org.testng.SuiteRunnerWorker.run(SuiteRunnerWorker.java:86)
	at org.testng.TestNG.runSuitesSequentially(TestNG.java:1185)
	at org.testng.TestNG.runSuitesLocally(TestNG.java:1110)
	at org.testng.TestNG.run(TestNG.java:1018)
	at org.testng.remote.RemoteTestNG.run(RemoteTestNG.java:111)
	at org.testng.remote.RemoteTestNG.initAndRun(RemoteTestNG.java:204)
	at org.testng.remote.RemoteTestNG.main(RemoteTestNG.java:175)
Caused by: org.openqa.selenium.InvalidSelectorException: The given selector  is either invalid or does not result in a WebElement. The following error occurred:
InvalidSelectorError: Unable to locate an element with the xpath expression  because of the following error:
SyntaxError: The expression is not a legal expression.
For documentation on this error, please visit: http://seleniumhq.org/exceptions/invalid_selector_exception.html
Build info: version: &apos;2.47.1&apos;, revision: &apos;unknown&apos;, time: &apos;2015-07-30 11:02:44&apos;
System info: host: &apos;Rahaths-MacBook-Pro.local&apos;, ip: &apos;10.10.30.18&apos;, os.name: &apos;Mac OS X&apos;, os.arch: &apos;x86_64&apos;, os.version: &apos;10.9.4&apos;, java.version: &apos;1.8.0_31&apos;
Driver info: driver.version: unknown
	at &lt;anonymous class&gt;.FirefoxDriver.annotateInvalidSelectorError_(file:///var/folders/7m/f9k0dyvj6n348bdprwsktjk00000gn/T/anonymous6639091638435143926webdriver-profile/extensions/fxdriver@googlecode.com/components/driver-component.js:10641)
	at &lt;anonymous class&gt;.FirefoxDriver.prototype.findElementInternal_(file:///var/folders/7m/f9k0dyvj6n348bdprwsktjk00000gn/T/anonymous6639091638435143926webdriver-profile/extensions/fxdriver@googlecode.com/components/driver-component.js:10672)
	at &lt;anonymous class&gt;.FirefoxDriver.prototype.findElement(file:///var/folders/7m/f9k0dyvj6n348bdprwsktjk00000gn/T/anonymous6639091638435143926webdriver-profile/extensions/fxdriver@googlecode.com/components/driver-component.js:10676)
	at &lt;anonymous class&gt;.DelayedCommand.prototype.executeInternal_/h(file:///var/folders/7m/f9k0dyvj6n348bdprwsktjk00000gn/T/anonymous6639091638435143926webdriver-profile/extensions/fxdriver@googlecode.com/components/command-processor.js:12643)
	at &lt;anonymous class&gt;.DelayedCommand.prototype.executeInternal_(file:///var/folders/7m/f9k0dyvj6n348bdprwsktjk00000gn/T/anonymous6639091638435143926webdriver-profile/extensions/fxdriver@googlecode.com/components/command-processor.js:12648)
	at &lt;anonymous class&gt;.DelayedCommand.prototype.execute/&lt;(file:///var/folders/7m/f9k0dyvj6n348bdprwsktjk00000gn/T/anonymous6639091638435143926webdriver-profile/extensions/fxdriver@googlecode.com/components/command-processor.js:12590)
</pre></div></td>
<td>0</td>
<td>RegressionTest.TC_001_gmailLogin@34ce8af7</td></tr>
</table><p>
</body>
</html>